<?xml version="1.0" encoding="UTF-8"?>
<!-- Generated by org.testng.reporters.JUnitXMLReporter -->
<testsuite ignored="8" hostname="sysadmin-H81M-S" failures="2" tests="3" name="suite" time="21.91" errors="0" timestamp="2020-01-09T10:56:43 IST">
  <testcase classname="com.ihubmeaven.pageObjects.Tc_03_test" name="test" time="6.674">
    <failure type="java.lang.AssertionError" message="expected [vik] but found [iHubMultiStores]">
      <![CDATA[java.lang.AssertionError: expected [vik] but found [iHubMultiStores]
at com.ihubmeaven.pageObjects.Tc_03_test.test(Tc_03_test.java:20)
at java.base/java.util.ArrayList.forEach(ArrayList.java:1540)
... Removed 32 stack frames]]>
    </failure>
  </testcase> <!-- test -->
  <testcase classname="com.ihubmeaven.pageObjects.Tc_01_signin" name="signin" time="4.275"/>
  <testcase classname="com.ihubmeaven.pageObjects.Tc_02_Mobilenum" name="mobilenum" time="9.498">
    <failure type="org.openqa.selenium.NoSuchElementException" message="Cannot locate an element using xpath=//div[@class=&amp;quot;card effect2&amp;quot;]//input[@name=&amp;quot;userName&amp;quot;]
For documentation on this error, please visit: http://seleniumhq.org/exceptions/no_such_element.html
Build info: version: &amp;apos;3.141.5&amp;apos;, revision: &amp;apos;d54ebd709a&amp;apos;, time: &amp;apos;2018-11-06T11:42:16&amp;apos;
System info: host: &amp;apos;sysadmin-H81M-S&amp;apos;, ip: &amp;apos;127.0.1.1&amp;apos;, os.name: &amp;apos;Linux&amp;apos;, os.arch: &amp;apos;amd64&amp;apos;, os.version: &amp;apos;4.18.0-25-generic&amp;apos;, java.version: &amp;apos;11.0.3&amp;apos;
Driver info: driver.version: RemoteWebDriver">
      <![CDATA[org.openqa.selenium.NoSuchElementException: Cannot locate an element using xpath=//div[@class="card effect2"]//input[@name="userName"]
For documentation on this error, please visit: http://seleniumhq.org/exceptions/no_such_element.html
Build info: version: '3.141.5', revision: 'd54ebd709a', time: '2018-11-06T11:42:16'
System info: host: 'sysadmin-H81M-S', ip: '127.0.1.1', os.name: 'Linux', os.arch: 'amd64', os.version: '4.18.0-25-generic', java.version: '11.0.3'
Driver info: driver.version: RemoteWebDriver
at org.openqa.selenium.remote.RemoteWebDriver.findElement(RemoteWebDriver.java:327)
at org.openqa.selenium.remote.RemoteWebDriver.findElementByXPath(RemoteWebDriver.java:428)
at org.openqa.selenium.By$ByXPath.findElement(By.java:353)
at org.openqa.selenium.remote.RemoteWebDriver.findElement(RemoteWebDriver.java:315)
at com.ihubmeaven.pageObjects.Tc_02_Mobilenum.mobilenum(Tc_02_Mobilenum.java:15)
at java.base/java.util.ArrayList.forEach(ArrayList.java:1540)
... Removed 27 stack frames]]>
    </failure>
  </testcase> <!-- mobilenum -->
  <testcase classname="com.ihubmeaven.pageObjects.baseclass" name="@BeforeSuite startTest" time="0.0">
    <ignored/>
  </testcase> <!-- @BeforeSuite startTest -->
  <testcase classname="com.ihubmeaven.pageObjects.baseclass" name="@BeforeSuite startTest" time="0.0">
    <ignored/>
  </testcase> <!-- @BeforeSuite startTest -->
  <testcase classname="com.ihubmeaven.pageObjects.baseclass" name="@BeforeTest setup" time="0.0">
    <ignored/>
  </testcase> <!-- @BeforeTest setup -->
  <testcase classname="com.ihubmeaven.pageObjects.baseclass" name="@BeforeTest setup" time="0.0">
    <ignored/>
  </testcase> <!-- @BeforeTest setup -->
  <testcase classname="com.ihubmeaven.pageObjects.baseclass" name="@AfterTest tearDown" time="0.0">
    <ignored/>
  </testcase> <!-- @AfterTest tearDown -->
  <testcase classname="com.ihubmeaven.pageObjects.baseclass" name="@AfterTest tearDown" time="0.0">
    <ignored/>
  </testcase> <!-- @AfterTest tearDown -->
  <testcase classname="com.ihubmeaven.pageObjects.baseclass" name="@AfterSuite endtest" time="0.0">
    <ignored/>
  </testcase> <!-- @AfterSuite endtest -->
  <testcase classname="com.ihubmeaven.pageObjects.baseclass" name="@AfterSuite endtest" time="0.0">
    <ignored/>
  </testcase> <!-- @AfterSuite endtest -->
</testsuite> <!-- suite -->
